have_func: checking for mysql_ssl_set()... -------------------- yes

"gcc -o conftest -I/home/havokx/.rvm/rubies/ruby-2.4.0/include/ruby-2.4.0/x86_64-linux -I/home/havokx/.rvm/rubies/ruby-2.4.0/include/ruby-2.4.0/ruby/backward -I/home/havokx/.rvm/rubies/ruby-2.4.0/include/ruby-2.4.0 -I.    -I/usr/include/mysql -DBIG_JOINS=1  -fno-strict-aliasing    -g -DNDEBUG -O3 -fno-fast-math -ggdb3 -Wall -Wextra -Wno-unused-parameter -Wno-parentheses -Wno-long-long -Wno-missing-field-initializers -Wno-tautological-compare -Wno-parentheses-equality -Wno-constant-logical-operand -Wno-self-assign -Wunused-variable -Wimplicit-int -Wpointer-arith -Wwrite-strings -Wdeclaration-after-statement -Wimplicit-function-declaration -Wdeprecated-declarations -Wno-packed-bitfield-compat -Wsuggest-attribute=noreturn -Wsuggest-attribute=format  -fPIC conftest.c  -L. -L/home/havokx/.rvm/rubies/ruby-2.4.0/lib -Wl,-R/home/havokx/.rvm/rubies/ruby-2.4.0/lib -L. -fstack-protector -rdynamic -Wl,-export-dynamic    -L/usr/lib/x86_64-linux-gnu -lmysqlclient -lpthread -lz -lm -ldl  -Wl,-rpath,'/../lib' -Wl,-R'/../lib' -lruby  -lpthread -ldl -lcrypt -lm   -lc"
checked program was:
/* begin */
1: #include "ruby.h"
2: 
3: int main(int argc, char **argv)
4: {
5:   return 0;
6: }
/* end */

"gcc -o conftest -I/home/havokx/.rvm/rubies/ruby-2.4.0/include/ruby-2.4.0/x86_64-linux -I/home/havokx/.rvm/rubies/ruby-2.4.0/include/ruby-2.4.0/ruby/backward -I/home/havokx/.rvm/rubies/ruby-2.4.0/include/ruby-2.4.0 -I.    -I/usr/include/mysql -DBIG_JOINS=1  -fno-strict-aliasing    -g -DNDEBUG -O3 -fno-fast-math -ggdb3 -Wall -Wextra -Wno-unused-parameter -Wno-parentheses -Wno-long-long -Wno-missing-field-initializers -Wno-tautological-compare -Wno-parentheses-equality -Wno-constant-logical-operand -Wno-self-assign -Wunused-variable -Wimplicit-int -Wpointer-arith -Wwrite-strings -Wdeclaration-after-statement -Wimplicit-function-declaration -Wdeprecated-declarations -Wno-packed-bitfield-compat -Wsuggest-attribute=noreturn -Wsuggest-attribute=format  -fPIC conftest.c  -L. -L/home/havokx/.rvm/rubies/ruby-2.4.0/lib -Wl,-R/home/havokx/.rvm/rubies/ruby-2.4.0/lib -L. -fstack-protector -rdynamic -Wl,-export-dynamic    -L/usr/lib/x86_64-linux-gnu -lmysqlclient -lpthread -lz -lm -ldl  -Wl,-rpath,'/../lib' -Wl,-R'/../lib' -lruby -L/usr/lib/x86_64-linux-gnu -lmysqlclient -lpthread -lz -lm -ldl  -lpthread -ldl -lcrypt -lm   -lc"
conftest.c: In function ‘t’:
conftest.c:13:57: error: ‘mysql_ssl_set’ undeclared (first use in this function)
 int t(void) { void ((*volatile p)()); p = (void ((*)()))mysql_ssl_set; return !p; }
                                                         ^
conftest.c:13:57: note: each undeclared identifier is reported only once for each function it appears in
conftest.c: At top level:
cc1: warning: unrecognized command line option "-Wno-self-assign" [enabled by default]
cc1: warning: unrecognized command line option "-Wno-constant-logical-operand" [enabled by default]
cc1: warning: unrecognized command line option "-Wno-parentheses-equality" [enabled by default]
cc1: warning: unrecognized command line option "-Wno-tautological-compare" [enabled by default]
checked program was:
/* begin */
 1: #include "ruby.h"
 2: 
 3: /*top*/
 4: extern int t(void);
 5: int main(int argc, char **argv)
 6: {
 7:   if (argc > 1000000) {
 8:     printf("%p", &t);
 9:   }
10: 
11:   return 0;
12: }
13: int t(void) { void ((*volatile p)()); p = (void ((*)()))mysql_ssl_set; return !p; }
/* end */

"gcc -o conftest -I/home/havokx/.rvm/rubies/ruby-2.4.0/include/ruby-2.4.0/x86_64-linux -I/home/havokx/.rvm/rubies/ruby-2.4.0/include/ruby-2.4.0/ruby/backward -I/home/havokx/.rvm/rubies/ruby-2.4.0/include/ruby-2.4.0 -I.    -I/usr/include/mysql -DBIG_JOINS=1  -fno-strict-aliasing    -g -DNDEBUG -O3 -fno-fast-math -ggdb3 -Wall -Wextra -Wno-unused-parameter -Wno-parentheses -Wno-long-long -Wno-missing-field-initializers -Wno-tautological-compare -Wno-parentheses-equality -Wno-constant-logical-operand -Wno-self-assign -Wunused-variable -Wimplicit-int -Wpointer-arith -Wwrite-strings -Wdeclaration-after-statement -Wimplicit-function-declaration -Wdeprecated-declarations -Wno-packed-bitfield-compat -Wsuggest-attribute=noreturn -Wsuggest-attribute=format  -fPIC conftest.c  -L. -L/home/havokx/.rvm/rubies/ruby-2.4.0/lib -Wl,-R/home/havokx/.rvm/rubies/ruby-2.4.0/lib -L. -fstack-protector -rdynamic -Wl,-export-dynamic    -L/usr/lib/x86_64-linux-gnu -lmysqlclient -lpthread -lz -lm -ldl  -Wl,-rpath,'/../lib' -Wl,-R'/../lib' -lruby -L/usr/lib/x86_64-linux-gnu -lmysqlclient -lpthread -lz -lm -ldl  -lpthread -ldl -lcrypt -lm   -lc"
checked program was:
/* begin */
 1: #include "ruby.h"
 2: 
 3: /*top*/
 4: extern int t(void);
 5: int main(int argc, char **argv)
 6: {
 7:   if (argc > 1000000) {
 8:     printf("%p", &t);
 9:   }
10: 
11:   return 0;
12: }
13: extern void mysql_ssl_set();
14: int t(void) { mysql_ssl_set(); return 0; }
/* end */

--------------------

have_func: checking for rb_str_set_len()... -------------------- yes

"gcc -o conftest -I/home/havokx/.rvm/rubies/ruby-2.4.0/include/ruby-2.4.0/x86_64-linux -I/home/havokx/.rvm/rubies/ruby-2.4.0/include/ruby-2.4.0/ruby/backward -I/home/havokx/.rvm/rubies/ruby-2.4.0/include/ruby-2.4.0 -I.    -I/usr/include/mysql -DBIG_JOINS=1  -fno-strict-aliasing    -g -DNDEBUG -O3 -fno-fast-math -ggdb3 -Wall -Wextra -Wno-unused-parameter -Wno-parentheses -Wno-long-long -Wno-missing-field-initializers -Wno-tautological-compare -Wno-parentheses-equality -Wno-constant-logical-operand -Wno-self-assign -Wunused-variable -Wimplicit-int -Wpointer-arith -Wwrite-strings -Wdeclaration-after-statement -Wimplicit-function-declaration -Wdeprecated-declarations -Wno-packed-bitfield-compat -Wsuggest-attribute=noreturn -Wsuggest-attribute=format  -fPIC conftest.c  -L. -L/home/havokx/.rvm/rubies/ruby-2.4.0/lib -Wl,-R/home/havokx/.rvm/rubies/ruby-2.4.0/lib -L. -fstack-protector -rdynamic -Wl,-export-dynamic    -L/usr/lib/x86_64-linux-gnu -lmysqlclient -lpthread -lz -lm -ldl  -Wl,-rpath,'/../lib' -Wl,-R'/../lib' -lruby -L/usr/lib/x86_64-linux-gnu -lmysqlclient -lpthread -lz -lm -ldl  -lpthread -ldl -lcrypt -lm   -lc"
checked program was:
/* begin */
 1: #include "ruby.h"
 2: 
 3: /*top*/
 4: extern int t(void);
 5: int main(int argc, char **argv)
 6: {
 7:   if (argc > 1000000) {
 8:     printf("%p", &t);
 9:   }
10: 
11:   return 0;
12: }
13: int t(void) { void ((*volatile p)()); p = (void ((*)()))rb_str_set_len; return !p; }
/* end */

--------------------

have_func: checking for rb_thread_start_timer()... -------------------- no

"gcc -o conftest -I/home/havokx/.rvm/rubies/ruby-2.4.0/include/ruby-2.4.0/x86_64-linux -I/home/havokx/.rvm/rubies/ruby-2.4.0/include/ruby-2.4.0/ruby/backward -I/home/havokx/.rvm/rubies/ruby-2.4.0/include/ruby-2.4.0 -I.    -I/usr/include/mysql -DBIG_JOINS=1  -fno-strict-aliasing    -g -DNDEBUG -O3 -fno-fast-math -ggdb3 -Wall -Wextra -Wno-unused-parameter -Wno-parentheses -Wno-long-long -Wno-missing-field-initializers -Wno-tautological-compare -Wno-parentheses-equality -Wno-constant-logical-operand -Wno-self-assign -Wunused-variable -Wimplicit-int -Wpointer-arith -Wwrite-strings -Wdeclaration-after-statement -Wimplicit-function-declaration -Wdeprecated-declarations -Wno-packed-bitfield-compat -Wsuggest-attribute=noreturn -Wsuggest-attribute=format  -fPIC conftest.c  -L. -L/home/havokx/.rvm/rubies/ruby-2.4.0/lib -Wl,-R/home/havokx/.rvm/rubies/ruby-2.4.0/lib -L. -fstack-protector -rdynamic -Wl,-export-dynamic    -L/usr/lib/x86_64-linux-gnu -lmysqlclient -lpthread -lz -lm -ldl  -Wl,-rpath,'/../lib' -Wl,-R'/../lib' -lruby -L/usr/lib/x86_64-linux-gnu -lmysqlclient -lpthread -lz -lm -ldl  -lpthread -ldl -lcrypt -lm   -lc"
conftest.c: In function ‘t’:
conftest.c:13:57: error: ‘rb_thread_start_timer’ undeclared (first use in this function)
 int t(void) { void ((*volatile p)()); p = (void ((*)()))rb_thread_start_timer; return !p; }
                                                         ^
conftest.c:13:57: note: each undeclared identifier is reported only once for each function it appears in
conftest.c: At top level:
cc1: warning: unrecognized command line option "-Wno-self-assign" [enabled by default]
cc1: warning: unrecognized command line option "-Wno-constant-logical-operand" [enabled by default]
cc1: warning: unrecognized command line option "-Wno-parentheses-equality" [enabled by default]
cc1: warning: unrecognized command line option "-Wno-tautological-compare" [enabled by default]
checked program was:
/* begin */
 1: #include "ruby.h"
 2: 
 3: /*top*/
 4: extern int t(void);
 5: int main(int argc, char **argv)
 6: {
 7:   if (argc > 1000000) {
 8:     printf("%p", &t);
 9:   }
10: 
11:   return 0;
12: }
13: int t(void) { void ((*volatile p)()); p = (void ((*)()))rb_thread_start_timer; return !p; }
/* end */

"gcc -o conftest -I/home/havokx/.rvm/rubies/ruby-2.4.0/include/ruby-2.4.0/x86_64-linux -I/home/havokx/.rvm/rubies/ruby-2.4.0/include/ruby-2.4.0/ruby/backward -I/home/havokx/.rvm/rubies/ruby-2.4.0/include/ruby-2.4.0 -I.    -I/usr/include/mysql -DBIG_JOINS=1  -fno-strict-aliasing    -g -DNDEBUG -O3 -fno-fast-math -ggdb3 -Wall -Wextra -Wno-unused-parameter -Wno-parentheses -Wno-long-long -Wno-missing-field-initializers -Wno-tautological-compare -Wno-parentheses-equality -Wno-constant-logical-operand -Wno-self-assign -Wunused-variable -Wimplicit-int -Wpointer-arith -Wwrite-strings -Wdeclaration-after-statement -Wimplicit-function-declaration -Wdeprecated-declarations -Wno-packed-bitfield-compat -Wsuggest-attribute=noreturn -Wsuggest-attribute=format  -fPIC conftest.c  -L. -L/home/havokx/.rvm/rubies/ruby-2.4.0/lib -Wl,-R/home/havokx/.rvm/rubies/ruby-2.4.0/lib -L. -fstack-protector -rdynamic -Wl,-export-dynamic    -L/usr/lib/x86_64-linux-gnu -lmysqlclient -lpthread -lz -lm -ldl  -Wl,-rpath,'/../lib' -Wl,-R'/../lib' -lruby -L/usr/lib/x86_64-linux-gnu -lmysqlclient -lpthread -lz -lm -ldl  -lpthread -ldl -lcrypt -lm   -lc"
/tmp/ccEeM7Eh.o: In function `t':
/home/havokx/Desktop/api_etna/.vendor/ruby/2.4.0/gems/mysql-2.9.1/ext/mysql_api/conftest.c:14: undefined reference to `rb_thread_start_timer'
collect2: error: ld returned 1 exit status
checked program was:
/* begin */
 1: #include "ruby.h"
 2: 
 3: /*top*/
 4: extern int t(void);
 5: int main(int argc, char **argv)
 6: {
 7:   if (argc > 1000000) {
 8:     printf("%p", &t);
 9:   }
10: 
11:   return 0;
12: }
13: extern void rb_thread_start_timer();
14: int t(void) { rb_thread_start_timer(); return 0; }
/* end */

--------------------

have_header: checking for mysql.h... -------------------- yes

"gcc -E -I/home/havokx/.rvm/rubies/ruby-2.4.0/include/ruby-2.4.0/x86_64-linux -I/home/havokx/.rvm/rubies/ruby-2.4.0/include/ruby-2.4.0/ruby/backward -I/home/havokx/.rvm/rubies/ruby-2.4.0/include/ruby-2.4.0 -I.    -I/usr/include/mysql -DBIG_JOINS=1  -fno-strict-aliasing    -g -DNDEBUG -O3 -fno-fast-math -ggdb3 -Wall -Wextra -Wno-unused-parameter -Wno-parentheses -Wno-long-long -Wno-missing-field-initializers -Wno-tautological-compare -Wno-parentheses-equality -Wno-constant-logical-operand -Wno-self-assign -Wunused-variable -Wimplicit-int -Wpointer-arith -Wwrite-strings -Wdeclaration-after-statement -Wimplicit-function-declaration -Wdeprecated-declarations -Wno-packed-bitfield-compat -Wsuggest-attribute=noreturn -Wsuggest-attribute=format  -fPIC  conftest.c -o conftest.i"
checked program was:
/* begin */
1: #include "ruby.h"
2: 
3: #include <mysql.h>
/* end */

--------------------

