current directory: /home/havokx/Desktop/api_etna/.vendor/ruby/2.4.0/gems/mysql2-0.4.5/ext/mysql2
/home/havokx/.rvm/rubies/ruby-2.4.0/bin/ruby -r ./siteconf20170322-113984-6wu5m0.rb extconf.rb
checking for rb_absint_size()... yes
checking for rb_absint_singlebit_p()... yes
checking for ruby/thread.h... yes
checking for rb_thread_call_without_gvl() in ruby/thread.h... yes
checking for rb_thread_blocking_region()... no
checking for rb_wait_for_single_fd()... yes
checking for rb_hash_dup()... yes
checking for rb_intern3()... yes
checking for rb_big_cmp()... yes
-----
Using mysql_config at /usr/bin/mysql_config
-----
checking for mysql.h... yes
checking for SSL_MODE_DISABLED in mysql.h... no
checking for MYSQL_OPT_SSL_ENFORCE in mysql.h... no
checking for errmsg.h... yes
checking for mysqld_error.h... yes
-----
Setting libpath to /usr/lib/x86_64-linux-gnu
-----
creating Makefile

To see why this extension failed to compile, please check the mkmf.log which can be found here:

  /home/havokx/Desktop/api_etna/.vendor/ruby/2.4.0/extensions/x86_64-linux/2.4.0/mysql2-0.4.5/mkmf.log

current directory: /home/havokx/Desktop/api_etna/.vendor/ruby/2.4.0/gems/mysql2-0.4.5/ext/mysql2
make "DESTDIR=" clean

current directory: /home/havokx/Desktop/api_etna/.vendor/ruby/2.4.0/gems/mysql2-0.4.5/ext/mysql2
make "DESTDIR="
compiling client.c
compiling infile.c
compiling mysql2_ext.c
compiling result.c
compiling statement.c
linking shared-object mysql2/mysql2.so

current directory: /home/havokx/Desktop/api_etna/.vendor/ruby/2.4.0/gems/mysql2-0.4.5/ext/mysql2
make "DESTDIR=" install
/usr/bin/install -m 0755 mysql2.so ./.gem.20170322-113984-1s86n64/mysql2
